<?xml version="1.0" encoding="utf-8"?><testsuites name="pytest tests"><testsuite name="pytest" errors="0" failures="0" skipped="0" tests="16" time="2.424" timestamp="2026-04-23T05:15:31.791638+00:00" hostname="agent-env-1a6e007d-fc86-46bc-a408-b614fa11f011"><testcase classname="backend.tests.test_phase_ab_features.TestAuth" name="test_owner_login" time="0.545" /><testcase classname="backend.tests.test_phase_ab_features.TestMarketModeEndpoints" name="test_get_active_session_initially_none" time="0.442" /><testcase classname="backend.tests.test_phase_ab_features.TestMarketModeEndpoints" name="test_create_market_session" time="0.104" /><testcase classname="backend.tests.test_phase_ab_features.TestMarketModeEndpoints" name="test_add_transaction_to_session" time="0.146" /><testcase classname="backend.tests.test_phase_ab_features.TestMarketModeEndpoints" name="test_end_market_session" time="0.114" /><testcase classname="backend.tests.test_phase_ab_features.TestHistoricalEndpoint" name="test_historical_no_future_dates" time="0.051" /><testcase classname="backend.tests.test_phase_ab_features.TestWeeklyControl" name="test_weekly_control_date_format" time="0.051" /><testcase classname="backend.tests.test_phase_ab_features.TestPurchaseOrderEdit" name="test_po_edit_endpoint_exists" time="0.102" /><testcase classname="backend.tests.test_phase_ab_features.TestSupplierDirectory" name="test_get_suppliers" time="0.057" /><testcase classname="backend.tests.test_phase_ab_features.TestSupplierDirectory" name="test_create_supplier" time="0.059" /><testcase classname="backend.tests.test_phase_ab_features.TestStaffPerformance" name="test_staff_performance_endpoint" time="0.052" /><testcase classname="backend.tests.test_phase_ab_features.TestDashboardKPIs" name="test_dashboard_kpis_has_net_profit" time="0.056" /><testcase classname="backend.tests.test_phase_ab_features.TestInventoryTracker" name="test_inventory_list" time="0.052" /><testcase classname="backend.tests.test_phase_ab_features.TestInventoryTracker" name="test_inventory_ingredients" time="0.056" /><testcase classname="backend.tests.test_phase_ab_features.TestProducts" name="test_get_products" time="0.048" /><testcase classname="backend.tests.test_phase_ab_features.TestMarkets" name="test_get_markets" time="0.060" /></testsuite></testsuites>