<?xml version="1.0" encoding="utf-8"?><testsuites name="pytest tests"><testsuite name="pytest" errors="0" failures="0" skipped="0" tests="13" time="2.302" timestamp="2026-04-23T05:28:57.499318+00:00" hostname="agent-env-1a6e007d-fc86-46bc-a408-b614fa11f011"><testcase classname="backend.tests.test_code_quality_refactor.TestAPIHealth" name="test_api_root" time="0.208" /><testcase classname="backend.tests.test_code_quality_refactor.TestDashboardKPIs" name="test_kpis_returns_net_profit" time="0.536" /><testcase classname="backend.tests.test_code_quality_refactor.TestWeeklyControl" name="test_weekly_control_date_format" time="0.056" /><testcase classname="backend.tests.test_code_quality_refactor.TestRefillTrends" name="test_refill_trends_returns_data" time="0.062" /><testcase classname="backend.tests.test_code_quality_refactor.TestMarketModeFlow" name="test_market_mode_active_session" time="0.057" /><testcase classname="backend.tests.test_code_quality_refactor.TestMarketModeFlow" name="test_market_mode_full_flow" time="0.351" /><testcase classname="backend.tests.test_code_quality_refactor.TestHistoricalData" name="test_historical_no_future_dates" time="0.056" /><testcase classname="backend.tests.test_code_quality_refactor.TestProductsAndMarkets" name="test_get_products" time="0.054" /><testcase classname="backend.tests.test_code_quality_refactor.TestProductsAndMarkets" name="test_get_markets" time="0.053" /><testcase classname="backend.tests.test_code_quality_refactor.TestReorderSuggestions" name="test_reorder_suggestions" time="0.057" /><testcase classname="backend.tests.test_code_quality_refactor.TestReorderSuggestions" name="test_purchase_orders" time="0.056" /><testcase classname="backend.tests.test_code_quality_refactor.TestAuthFlow" name="test_login_success" time="0.436" /><testcase classname="backend.tests.test_code_quality_refactor.TestAuthFlow" name="test_login_invalid_credentials" time="0.125" /></testsuite></testsuites>