<?xml version="1.0" encoding="utf-8"?><testsuites name="pytest tests"><testsuite name="pytest" errors="0" failures="0" skipped="0" tests="10" time="7.539" timestamp="2026-04-23T07:01:13.338049+00:00" hostname="agent-env-1a6e007d-fc86-46bc-a408-b614fa11f011"><testcase classname="backend.tests.test_code_quality_v2.TestCodeQualityFixes" name="test_01_login_owner" time="0.957" /><testcase classname="backend.tests.test_code_quality_v2.TestCodeQualityFixes" name="test_02_dashboard_kpis" time="0.538" /><testcase classname="backend.tests.test_code_quality_v2.TestCodeQualityFixes" name="test_03_get_products" time="0.622" /><testcase classname="backend.tests.test_code_quality_v2.TestCodeQualityFixes" name="test_04_get_markets" time="0.524" /><testcase classname="backend.tests.test_code_quality_v2.TestCodeQualityFixes" name="test_05_market_mode_full_flow" time="1.173" /><testcase classname="backend.tests.test_code_quality_v2.TestCodeQualityFixes" name="test_06_update_nonexistent_transaction" time="0.810" /><testcase classname="backend.tests.test_code_quality_v2.TestCodeQualityFixes" name="test_07_delete_nonexistent_transaction" time="0.730" /><testcase classname="backend.tests.test_code_quality_v2.TestCodeQualityFixes" name="test_08_export_market_transactions_excel" time="0.916" /><testcase classname="backend.tests.test_code_quality_v2.TestCodeQualityFixes" name="test_09_scale_planner_endpoint" time="0.535" /><testcase classname="backend.tests.test_code_quality_v2.TestCodeQualityFixes" name="test_10_market_comparison_endpoint" time="0.531" /></testsuite></testsuites>