<?xml version="1.0" encoding="utf-8"?><testsuites name="pytest tests"><testsuite name="pytest" errors="0" failures="0" skipped="0" tests="21" time="5.989" timestamp="2026-04-14T07:44:02.195777+00:00" hostname="agent-env-1a6e007d-fc86-46bc-a408-b614fa11f011"><testcase classname="backend.tests.test_role_access_reorder.TestOwnerAccess" name="test_owner_can_get_products" time="0.748" /><testcase classname="backend.tests.test_role_access_reorder.TestOwnerAccess" name="test_owner_can_post_products" time="0.249" /><testcase classname="backend.tests.test_role_access_reorder.TestOwnerAccess" name="test_owner_can_update_allocation_settings" time="0.121" /><testcase classname="backend.tests.test_role_access_reorder.TestOwnerAccess" name="test_owner_can_post_suppliers" time="0.233" /><testcase classname="backend.tests.test_role_access_reorder.TestOwnerAccess" name="test_owner_can_access_reorder_suggestions" time="0.126" /><testcase classname="backend.tests.test_role_access_reorder.TestStaffRestrictions" name="test_staff_cannot_post_products" time="0.527" /><testcase classname="backend.tests.test_role_access_reorder.TestStaffRestrictions" name="test_staff_cannot_put_allocation_settings" time="0.117" /><testcase classname="backend.tests.test_role_access_reorder.TestStaffRestrictions" name="test_staff_cannot_post_suppliers" time="0.112" /><testcase classname="backend.tests.test_role_access_reorder.TestStaffRestrictions" name="test_staff_cannot_access_reorder_suggestions" time="0.120" /><testcase classname="backend.tests.test_role_access_reorder.TestStaffRestrictions" name="test_staff_cannot_post_purchase_orders" time="0.165" /><testcase classname="backend.tests.test_role_access_reorder.TestStaffRestrictions" name="test_staff_cannot_get_purchase_orders" time="0.118" /><testcase classname="backend.tests.test_role_access_reorder.TestStaffAllowedEndpoints" name="test_staff_can_get_products" time="0.129" /><testcase classname="backend.tests.test_role_access_reorder.TestStaffAllowedEndpoints" name="test_staff_can_get_sessions" time="0.117" /><testcase classname="backend.tests.test_role_access_reorder.TestStaffAllowedEndpoints" name="test_staff_can_get_dashboard_kpis" time="0.153" /><testcase classname="backend.tests.test_role_access_reorder.TestReorderSuggestions" name="test_get_reorder_suggestions_returns_low_stock" time="0.118" /><testcase classname="backend.tests.test_role_access_reorder.TestPurchaseOrderWorkflow" name="test_create_purchase_order" time="0.127" /><testcase classname="backend.tests.test_role_access_reorder.TestPurchaseOrderWorkflow" name="test_get_purchase_orders" time="0.131" /><testcase classname="backend.tests.test_role_access_reorder.TestPurchaseOrderWorkflow" name="test_update_po_status_to_ordered" time="0.575" /><testcase classname="backend.tests.test_role_access_reorder.TestPurchaseOrderWorkflow" name="test_update_po_status_to_received" time="0.628" /><testcase classname="backend.tests.test_role_access_reorder.TestPurchaseOrderWorkflow" name="test_delete_purchase_order" time="0.348" /><testcase classname="backend.tests.test_role_access_reorder.TestInvalidStatusUpdate" name="test_invalid_status_returns_400" time="0.847" /></testsuite></testsuites>