<?xml version="1.0" encoding="utf-8"?><testsuites name="pytest tests"><testsuite name="pytest" errors="0" failures="0" skipped="0" tests="20" time="13.551" timestamp="2026-04-15T02:55:17.569036+00:00" hostname="agent-env-1a6e007d-fc86-46bc-a408-b614fa11f011"><testcase classname="backend.tests.test_phase1_features.TestAuth" name="test_owner_login" time="0.874" /><testcase classname="backend.tests.test_phase1_features.TestDashboardKPIs" name="test_dashboard_kpis_returns_net_profit" time="0.226" /><testcase classname="backend.tests.test_phase1_features.TestHistoricalComparison" name="test_historical_returns_labels" time="0.448" /><testcase classname="backend.tests.test_phase1_features.TestMarketsPresetCopy" name="test_get_markets" time="0.667" /><testcase classname="backend.tests.test_phase1_features.TestMarketsPresetCopy" name="test_copy_preset_endpoint_exists" time="0.225" /><testcase classname="backend.tests.test_phase1_features.TestExcelExports" name="test_sessions_excel_export" time="1.025" /><testcase classname="backend.tests.test_phase1_features.TestExcelExports" name="test_products_excel_export" time="0.182" /><testcase classname="backend.tests.test_phase1_features.TestExcelExports" name="test_inventory_excel_export" time="0.215" /><testcase classname="backend.tests.test_phase1_features.TestExcelExports" name="test_cashflow_excel_export" time="0.193" /><testcase classname="backend.tests.test_phase1_features.TestExcelExports" name="test_sales_by_month_market_export" time="0.204" /><testcase classname="backend.tests.test_phase1_features.TestDataRepository" name="test_create_snapshot" time="0.719" /><testcase classname="backend.tests.test_phase1_features.TestDataRepository" name="test_list_snapshots" time="0.074" /><testcase classname="backend.tests.test_phase1_features.TestDataRepository" name="test_update_snapshot" time="0.269" /><testcase classname="backend.tests.test_phase1_features.TestDataRepository" name="test_delete_snapshot" time="0.159" /><testcase classname="backend.tests.test_phase1_features.TestDataRepository" name="test_backup_export" time="1.365" /><testcase classname="backend.tests.test_phase1_features.TestDataRepository" name="test_backup_restore_validation" time="0.054" /><testcase classname="backend.tests.test_phase1_features.TestPasswordChange" name="test_change_password_wrong_current" time="1.993" /><testcase classname="backend.tests.test_phase1_features.TestPasswordChange" name="test_change_password_short_new" time="0.431" /><testcase classname="backend.tests.test_phase1_features.TestPasswordChange" name="test_change_password_success" time="2.436" /><testcase classname="backend.tests.test_phase1_features.TestCleanup" name="test_cleanup_test_snapshots" time="0.767" /></testsuite></testsuites>