<?xml version="1.0" encoding="utf-8"?><testsuites name="pytest tests"><testsuite name="pytest" errors="0" failures="0" skipped="0" tests="13" time="2.481" timestamp="2026-04-23T06:18:03.204969+00:00" hostname="agent-env-1a6e007d-fc86-46bc-a408-b614fa11f011"><testcase classname="backend.tests.test_code_quality_refactor.TestBackendAPIs" name="test_api_root" time="0.213" /><testcase classname="backend.tests.test_code_quality_refactor.TestBackendAPIs" name="test_dashboard_kpis" time="0.145" /><testcase classname="backend.tests.test_code_quality_refactor.TestBackendAPIs" name="test_dashboard_sales_top_items" time="0.138" /><testcase classname="backend.tests.test_code_quality_refactor.TestBackendAPIs" name="test_calendar_events" time="0.131" /><testcase classname="backend.tests.test_code_quality_refactor.TestBackendAPIs" name="test_alerts_endpoint" time="0.146" /><testcase classname="backend.tests.test_code_quality_refactor.TestBackendAPIs" name="test_products_endpoint" time="0.131" /><testcase classname="backend.tests.test_code_quality_refactor.TestBackendAPIs" name="test_markets_endpoint" time="0.125" /><testcase classname="backend.tests.test_code_quality_refactor.TestBackendAPIs" name="test_sessions_endpoint" time="0.177" /><testcase classname="backend.tests.test_code_quality_refactor.TestAuthFlow" name="test_owner_login_success" time="0.414" /><testcase classname="backend.tests.test_code_quality_refactor.TestAuthFlow" name="test_invalid_login" time="0.158" /><testcase classname="backend.tests.test_code_quality_refactor.TestExtractedFunctions" name="test_sales_top_items_with_market_filter" time="0.189" /><testcase classname="backend.tests.test_code_quality_refactor.TestExtractedFunctions" name="test_scale_planner_endpoint" time="0.135" /><testcase classname="backend.tests.test_code_quality_refactor.TestExtractedFunctions" name="test_allocation_calculate" time="0.132" /></testsuite></testsuites>