<?xml version="1.0" encoding="utf-8"?><testsuites name="pytest tests"><testsuite name="pytest" errors="0" failures="1" skipped="0" tests="13" time="7.125" timestamp="2026-04-23T06:45:01.489363+00:00" hostname="agent-env-1a6e007d-fc86-46bc-a408-b614fa11f011"><testcase classname="backend.tests.test_market_mode_enhancements.TestMarketModeAuth" name="test_owner_login" time="0.552"><failure message="AssertionError: Missing token or user in response&#10;assert ('access_token' in {'email': 'owner@grillshack.nz', 'id': 'da449cfe-6b6f-4268-a76c-a89642b8566d', 'name': 'Owner', 'role': 'owner', ...} or 'user' in {'email': 'owner@grillshack.nz', 'id': 'da449cfe-6b6f-4268-a76c-a89642b8566d', 'name': 'Owner', 'role': 'owner', ...})">backend/tests/test_market_mode_enhancements.py:32: in test_owner_login
    assert "access_token" in data or "user" in data, "Missing token or user in response"
E   AssertionError: Missing token or user in response
E   assert ('access_token' in {'email': 'owner@grillshack.nz', 'id': 'da449cfe-6b6f-4268-a76c-a89642b8566d', 'name': 'Owner', 'role': 'owner', ...} or 'user' in {'email': 'owner@grillshack.nz', 'id': 'da449cfe-6b6f-4268-a76c-a89642b8566d', 'name': 'Owner', 'role': 'owner', ...})</failure></testcase><testcase classname="backend.tests.test_market_mode_enhancements.TestMarketModeBasicEndpoints" name="test_get_products" time="0.512" /><testcase classname="backend.tests.test_market_mode_enhancements.TestMarketModeBasicEndpoints" name="test_get_markets" time="0.475" /><testcase classname="backend.tests.test_market_mode_enhancements.TestMarketModeBasicEndpoints" name="test_get_active_session" time="0.471" /><testcase classname="backend.tests.test_market_mode_enhancements.TestMarketModeFullFlow" name="test_01_start_session" time="0.610" /><testcase classname="backend.tests.test_market_mode_enhancements.TestMarketModeFullFlow" name="test_02_add_transaction_cash" time="0.568" /><testcase classname="backend.tests.test_market_mode_enhancements.TestMarketModeFullFlow" name="test_03_add_transaction_eftpos" time="0.592" /><testcase classname="backend.tests.test_market_mode_enhancements.TestMarketModeFullFlow" name="test_04_edit_transaction" time="0.601" /><testcase classname="backend.tests.test_market_mode_enhancements.TestMarketModeFullFlow" name="test_05_delete_transaction" time="0.545" /><testcase classname="backend.tests.test_market_mode_enhancements.TestMarketModeFullFlow" name="test_06_end_session" time="0.544" /><testcase classname="backend.tests.test_market_mode_enhancements.TestExcelExport" name="test_export_market_transactions_excel" time="0.426" /><testcase classname="backend.tests.test_market_mode_enhancements.TestTransactionEdgeCases" name="test_edit_nonexistent_transaction" time="0.447" /><testcase classname="backend.tests.test_market_mode_enhancements.TestTransactionEdgeCases" name="test_delete_nonexistent_transaction" time="0.447" /></testsuite></testsuites>