<?xml version="1.0" encoding="utf-8"?><testsuites name="pytest tests"><testsuite name="pytest" errors="0" failures="0" skipped="0" tests="14" time="3.200" timestamp="2026-04-15T03:22:22.136219+00:00" hostname="agent-env-1a6e007d-fc86-46bc-a408-b614fa11f011"><testcase classname="backend.tests.test_refactored_code.TestRefactoredBackendHelpers" name="test_summarize_sessions_via_kpis" time="0.204" /><testcase classname="backend.tests.test_refactored_code.TestRefactoredBackendHelpers" name="test_aggregate_market_sales_via_kpis" time="0.163" /><testcase classname="backend.tests.test_refactored_code.TestRefactoredBackendHelpers" name="test_period_label_via_historical" time="0.144" /><testcase classname="backend.tests.test_refactored_code.TestRefactoredBackendHelpers" name="test_calc_growth_series_via_historical" time="0.169" /><testcase classname="backend.tests.test_refactored_code.TestExportEndpoints" name="test_export_sales_by_month_market" time="0.519" /><testcase classname="backend.tests.test_refactored_code.TestExportEndpoints" name="test_export_sessions_excel" time="0.171" /><testcase classname="backend.tests.test_refactored_code.TestExportEndpoints" name="test_export_products_excel" time="0.156" /><testcase classname="backend.tests.test_refactored_code.TestCRUDOperations" name="test_sessions_crud" time="0.186" /><testcase classname="backend.tests.test_refactored_code.TestCRUDOperations" name="test_products_crud" time="0.139" /><testcase classname="backend.tests.test_refactored_code.TestCRUDOperations" name="test_inventory_crud" time="0.149" /><testcase classname="backend.tests.test_refactored_code.TestCRUDOperations" name="test_markets_crud" time="0.166" /><testcase classname="backend.tests.test_refactored_code.TestAllocationEndpoints" name="test_get_allocation_settings" time="0.150" /><testcase classname="backend.tests.test_refactored_code.TestAllocationEndpoints" name="test_calculate_allocation" time="0.158" /><testcase classname="backend.tests.test_refactored_code.TestOwnerAuth" name="test_owner_login" time="0.486" /></testsuite></testsuites>