<?xml version="1.0" encoding="utf-8"?><testsuites name="pytest tests"><testsuite name="pytest" errors="0" failures="1" skipped="0" tests="14" time="3.552" timestamp="2026-04-23T06:06:49.760848+00:00" hostname="agent-env-1a6e007d-fc86-46bc-a408-b614fa11f011"><testcase classname="backend.tests.test_phase_cd_features.TestCalendarEvents" name="test_create_calendar_event" time="0.611" /><testcase classname="backend.tests.test_phase_cd_features.TestCalendarEvents" name="test_list_calendar_events" time="0.126" /><testcase classname="backend.tests.test_phase_cd_features.TestCalendarEvents" name="test_delete_calendar_event" time="0.262" /><testcase classname="backend.tests.test_phase_cd_features.TestAlertDismiss" name="test_get_alerts" time="0.188" /><testcase classname="backend.tests.test_phase_cd_features.TestAlertDismiss" name="test_dismiss_alert" time="0.257" /><testcase classname="backend.tests.test_phase_cd_features.TestAlertDismiss" name="test_get_dismissed_alerts" time="0.118" /><testcase classname="backend.tests.test_phase_cd_features.TestSalesTopItems" name="test_get_sales_top_items_all_markets" time="0.178" /><testcase classname="backend.tests.test_phase_cd_features.TestSalesTopItems" name="test_get_sales_top_items_with_market_filter" time="0.290" /><testcase classname="backend.tests.test_phase_cd_features.TestMarketComparison" name="test_market_comparison_includes_first_session_date" time="0.176" /><testcase classname="backend.tests.test_phase_cd_features.TestScalePlanner" name="test_scale_planner_basic" time="0.117" /><testcase classname="backend.tests.test_phase_cd_features.TestAllocationTool" name="test_allocation_calculate" time="0.130" /><testcase classname="backend.tests.test_phase_cd_features.TestDashboardKPIs" name="test_dashboard_kpis" time="0.117" /><testcase classname="backend.tests.test_phase_cd_features.TestAuthFlow" name="test_login_success" time="0.390"><failure message="AssertionError: assert 'user' in {'email': 'owner@grillshack.nz', 'id': 'da449cfe-6b6f-4268-a76c-a89642b8566d', 'name': 'Owner', 'role': 'owner', ...}">backend/tests/test_phase_cd_features.py:303: in test_login_success
    assert "user" in data
E   AssertionError: assert 'user' in {'email': 'owner@grillshack.nz', 'id': 'da449cfe-6b6f-4268-a76c-a89642b8566d', 'name': 'Owner', 'role': 'owner', ...}</failure></testcase><testcase classname="backend.tests.test_phase_cd_features.TestAuthFlow" name="test_login_invalid_credentials" time="0.123" /></testsuite></testsuites>